[0717/124401.190:ERROR:process_reader_win.cc(123)] NtOpenThread: {Access Denied} A process has requested access to an object, but has not been granted those access rights. (0xc0000022)
[0717/124401.194:ERROR:exception_snapshot_win.cc(98)] thread ID 1924 not found in process
[0717/124402.429:ERROR:process_reader_win.cc(123)] NtOpenThread: {Access Denied} A process has requested access to an object, but has not been granted those access rights. (0xc0000022)
[0717/124402.429:ERROR:exception_snapshot_win.cc(98)] thread ID 12276 not found in process
[1010/141542.082:ERROR:directory_reader_win.cc(43)] FindFirstFile: The system cannot find the path specified. (0x3)
[1010/143537.519:ERROR:process_reader_win.cc(151)] SuspendThread: Access is denied. (0x5)
[1010/143537.526:ERROR:process_reader_win.cc(123)] NtOpenThread: {Access Denied} A process has requested access to an object, but has not been granted those access rights. (0xc0000022)
[1010/143537.583:ERROR:exception_snapshot_win.cc(99)] thread ID 7212 not found in process
[1010/143537.741:ERROR:process_reader_win.cc(151)] SuspendThread: Access is denied. (0x5)
[1010/143537.742:ERROR:process_reader_win.cc(151)] SuspendThread: Access is denied. (0x5)
[1010/143537.742:ERROR:process_reader_win.cc(151)] SuspendThread: Access is denied. (0x5)
[1010/143537.742:ERROR:process_reader_win.cc(151)] SuspendThread: Access is denied. (0x5)
[1010/143537.742:ERROR:process_reader_win.cc(123)] NtOpenThread: {Access Denied} A process has requested access to an object, but has not been granted those access rights. (0xc0000022)
[1010/143537.742:ERROR:exception_snapshot_win.cc(99)] thread ID 3816 not found in process
[1010/143537.852:ERROR:process_reader_win.cc(151)] SuspendThread: Access is denied. (0x5)
[1010/143537.853:ERROR:process_reader_win.cc(123)] NtOpenThread: {Access Denied} A process has requested access to an object, but has not been granted those access rights. (0xc0000022)
[1010/143537.857:ERROR:exception_snapshot_win.cc(99)] thread ID 4352 not found in process
[1010/143538.237:ERROR:process_reader_win.cc(151)] SuspendThread: Access is denied. (0x5)
[1010/143538.243:ERROR:process_reader_win.cc(151)] SuspendThread: Access is denied. (0x5)
[1010/143538.243:ERROR:process_reader_win.cc(151)] SuspendThread: Access is denied. (0x5)
[1010/143538.243:ERROR:process_reader_win.cc(151)] SuspendThread: Access is denied. (0x5)
[1010/143538.243:ERROR:process_reader_win.cc(151)] SuspendThread: Access is denied. (0x5)
[1010/143538.243:ERROR:process_reader_win.cc(123)] NtOpenThread: {Access Denied} A process has requested access to an object, but has not been granted those access rights. (0xc0000022)
[1010/143538.243:ERROR:exception_snapshot_win.cc(99)] thread ID 7348 not found in process
[1010/160708.703:ERROR:directory_reader_win.cc(43)] FindFirstFile: The system cannot find the path specified. (0x3)
[1010/161427.391:ERROR:process_reader_win.cc(123)] NtOpenThread: {Access Denied} A process has requested access to an object, but has not been granted those access rights. (0xc0000022)
[1010/161427.510:ERROR:exception_snapshot_win.cc(99)] thread ID 8668 not found in process
[1010/161428.633:ERROR:process_reader_win.cc(123)] NtOpenThread: {Access Denied} A process has requested access to an object, but has not been granted those access rights. (0xc0000022)
[1010/161428.633:ERROR:exception_snapshot_win.cc(99)] thread ID 8676 not found in process
[1011/102227.511:ERROR:directory_reader_win.cc(43)] FindFirstFile: The system cannot find the path specified. (0x3)
[1011/110314.110:ERROR:directory_reader_win.cc(43)] FindFirstFile: The system cannot find the path specified. (0x3)
[1011/110803.340:ERROR:directory_reader_win.cc(43)] FindFirstFile: The system cannot find the path specified. (0x3)
[1011/112742.339:ERROR:directory_reader_win.cc(43)] FindFirstFile: The system cannot find the path specified. (0x3)
[1011/113745.439:ERROR:process_reader_win.cc(151)] SuspendThread: Access is denied. (0x5)
[1011/113745.440:ERROR:process_reader_win.cc(151)] SuspendThread: Access is denied. (0x5)
[1011/113745.440:ERROR:process_reader_win.cc(151)] SuspendThread: Access is denied. (0x5)
[1011/113745.454:ERROR:process_reader_win.cc(151)] SuspendThread: Access is denied. (0x5)
[1011/113745.455:ERROR:process_reader_win.cc(151)] SuspendThread: Access is denied. (0x5)
[1011/113745.455:ERROR:process_reader_win.cc(151)] SuspendThread: Access is denied. (0x5)
[1011/113746.337:ERROR:process_reader_win.cc(151)] SuspendThread: Access is denied. (0x5)
[1011/113746.401:ERROR:process_reader_win.cc(123)] NtOpenThread: {Access Denied} A process has requested access to an object, but has not been granted those access rights. (0xc0000022)
[1011/113746.415:ERROR:exception_snapshot_win.cc(99)] thread ID 9472 not found in process
[1011/113745.455:ERROR:process_reader_win.cc(123)] NtOpenThread: {Access Denied} A process has requested access to an object, but has not been granted those access rights. (0xc0000022)
[1011/113746.417:ERROR:exception_snapshot_win.cc(99)] thread ID 1040 not found in process
[1011/113746.337:ERROR:process_reader_win.cc(123)] NtOpenThread: {Access Denied} A process has requested access to an object, but has not been granted those access rights. (0xc0000022)
[1011/113746.420:ERROR:exception_snapshot_win.cc(99)] thread ID 4868 not found in process
[1011/113746.485:ERROR:process_reader_win.cc(151)] SuspendThread: Access is denied. (0x5)
[1011/113746.485:ERROR:process_reader_win.cc(151)] SuspendThread: Access is denied. (0x5)
[1011/113746.485:ERROR:process_reader_win.cc(151)] SuspendThread: Access is denied. (0x5)
[1011/113746.485:ERROR:process_reader_win.cc(123)] NtOpenThread: {Access Denied} A process has requested access to an object, but has not been granted those access rights. (0xc0000022)
[1011/113746.485:ERROR:exception_snapshot_win.cc(99)] thread ID 9832 not found in process
[1011/113746.557:ERROR:process_reader_win.cc(151)] SuspendThread: Access is denied. (0x5)
[1011/113746.557:ERROR:process_reader_win.cc(151)] SuspendThread: Access is denied. (0x5)
[1011/113746.557:ERROR:process_reader_win.cc(123)] NtOpenThread: {Access Denied} A process has requested access to an object, but has not been granted those access rights. (0xc0000022)
[1011/113746.557:ERROR:exception_snapshot_win.cc(99)] thread ID 7884 not found in process
[1011/113746.294:ERROR:process_reader_win.cc(123)] NtOpenThread: {Access Denied} A process has requested access to an object, but has not been granted those access rights. (0xc0000022)
[1011/113746.558:ERROR:exception_snapshot_win.cc(99)] thread ID 816 not found in process
[1011/113745.854:ERROR:process_reader_win.cc(151)] SuspendThread: Access is denied. (0x5)
[1011/113746.869:ERROR:process_reader_win.cc(151)] SuspendThread: Access is denied. (0x5)
[1011/113746.869:ERROR:process_reader_win.cc(151)] SuspendThread: Access is denied. (0x5)
[1011/113746.869:ERROR:process_reader_win.cc(123)] NtOpenThread: {Access Denied} A process has requested access to an object, but has not been granted those access rights. (0xc0000022)
[1011/113746.872:ERROR:exception_snapshot_win.cc(99)] thread ID 9588 not found in process
[1011/131957.639:ERROR:directory_reader_win.cc(43)] FindFirstFile: The system cannot find the path specified. (0x3)
[1011/133314.058:ERROR:directory_reader_win.cc(43)] FindFirstFile: The system cannot find the path specified. (0x3)
[1012/083324.655:ERROR:directory_reader_win.cc(43)] FindFirstFile: The system cannot find the path specified. (0x3)
[1012/083809.194:ERROR:directory_reader_win.cc(43)] FindFirstFile: The system cannot find the path specified. (0x3)
[1012/084531.050:ERROR:process_reader_win.cc(151)] SuspendThread: Access is denied. (0x5)
[1012/084531.050:ERROR:process_reader_win.cc(123)] NtOpenThread: {Access Denied} A process has requested access to an object, but has not been granted those access rights. (0xc0000022)
[1012/084531.150:ERROR:exception_snapshot_win.cc(99)] thread ID 32 not found in process
[1012/084531.156:ERROR:process_reader_win.cc(151)] SuspendThread: Access is denied. (0x5)
[1012/084531.156:ERROR:process_reader_win.cc(151)] SuspendThread: Access is denied. (0x5)
[1012/084531.156:ERROR:process_reader_win.cc(151)] SuspendThread: Access is denied. (0x5)
[1012/084531.157:ERROR:process_reader_win.cc(151)] SuspendThread: Access is denied. (0x5)
[1012/084531.157:ERROR:process_reader_win.cc(123)] NtOpenThread: {Access Denied} A process has requested access to an object, but has not been granted those access rights. (0xc0000022)
[1012/084531.157:ERROR:exception_snapshot_win.cc(99)] thread ID 6120 not found in process
[1012/085544.502:ERROR:directory_reader_win.cc(43)] FindFirstFile: The system cannot find the path specified. (0x3)
[1012/085853.998:ERROR:directory_reader_win.cc(43)] FindFirstFile: The system cannot find the path specified. (0x3)
[1012/093104.307:ERROR:process_reader_win.cc(151)] SuspendThread: Access is denied. (0x5)
[1012/093104.544:ERROR:process_reader_win.cc(151)] SuspendThread: Access is denied. (0x5)
[1012/093104.545:ERROR:process_reader_win.cc(151)] SuspendThread: Access is denied. (0x5)
[1012/093104.538:ERROR:process_reader_win.cc(151)] SuspendThread: Access is denied. (0x5)
[1012/093104.656:ERROR:process_reader_win.cc(151)] SuspendThread: Access is denied. (0x5)
[1012/093104.677:ERROR:process_reader_win.cc(151)] SuspendThread: Access is denied. (0x5)
[1012/093104.677:ERROR:process_reader_win.cc(151)] SuspendThread: Access is denied. (0x5)
[1012/093104.715:ERROR:process_reader_win.cc(151)] SuspendThread: Access is denied. (0x5)
[1012/093104.716:ERROR:process_reader_win.cc(151)] SuspendThread: Access is denied. (0x5)
[1012/093104.716:ERROR:process_reader_win.cc(151)] SuspendThread: Access is denied. (0x5)
[1012/093104.719:ERROR:process_reader_win.cc(151)] SuspendThread: Access is denied. (0x5)
[1012/093104.719:ERROR:process_reader_win.cc(151)] SuspendThread: Access is denied. (0x5)
[1012/093104.719:ERROR:process_reader_win.cc(151)] SuspendThread: Access is denied. (0x5)
[1012/093104.675:ERROR:process_reader_win.cc(123)] NtOpenThread: {Access Denied} A process has requested access to an object, but has not been granted those access rights. (0xc0000022)
[1012/093104.678:ERROR:process_reader_win.cc(123)] NtOpenThread: {Access Denied} A process has requested access to an object, but has not been granted those access rights. (0xc0000022)
[1012/093104.733:ERROR:exception_snapshot_win.cc(99)] thread ID 5216 not found in process
[1012/093104.733:ERROR:exception_snapshot_win.cc(99)] thread ID 10760 not found in process
[1012/093104.719:ERROR:process_reader_win.cc(123)] NtOpenThread: {Access Denied} A process has requested access to an object, but has not been granted those access rights. (0xc0000022)
[1012/093104.738:ERROR:exception_snapshot_win.cc(99)] thread ID 10952 not found in process
[1012/093104.716:ERROR:process_reader_win.cc(123)] NtOpenThread: {Access Denied} A process has requested access to an object, but has not been granted those access rights. (0xc0000022)
[1012/093104.740:ERROR:exception_snapshot_win.cc(99)] thread ID 5700 not found in process
[1012/093104.323:ERROR:process_reader_win.cc(123)] NtOpenThread: {Access Denied} A process has requested access to an object, but has not been granted those access rights. (0xc0000022)
[1012/093104.741:ERROR:exception_snapshot_win.cc(99)] thread ID 5572 not found in process
[1012/093104.545:ERROR:process_reader_win.cc(123)] NtOpenThread: {Access Denied} A process has requested access to an object, but has not been granted those access rights. (0xc0000022)
[1012/093104.742:ERROR:exception_snapshot_win.cc(99)] thread ID 10764 not found in process
[1012/093510.591:ERROR:process_reader_win.cc(151)] SuspendThread: Access is denied. (0x5)
[1012/093510.612:ERROR:process_reader_win.cc(151)] SuspendThread: Access is denied. (0x5)
[1012/093510.686:ERROR:process_reader_win.cc(151)] SuspendThread: Access is denied. (0x5)
[1012/093510.686:ERROR:process_reader_win.cc(151)] SuspendThread: Access is denied. (0x5)
[1012/093510.687:ERROR:process_reader_win.cc(151)] SuspendThread: Access is denied. (0x5)
[1012/093510.687:ERROR:process_reader_win.cc(123)] NtOpenThread: {Access Denied} A process has requested access to an object, but has not been granted those access rights. (0xc0000022)
[1012/093510.686:ERROR:process_reader_win.cc(123)] NtOpenThread: {Access Denied} A process has requested access to an object, but has not been granted those access rights. (0xc0000022)
[1012/093510.738:ERROR:exception_snapshot_win.cc(99)] thread ID 7556 not found in process
[1012/093510.739:ERROR:exception_snapshot_win.cc(99)] thread ID 8568 not found in process
[1012/094558.073:ERROR:directory_reader_win.cc(43)] FindFirstFile: The system cannot find the path specified. (0x3)
[1012/095224.724:ERROR:directory_reader_win.cc(43)] FindFirstFile: The system cannot find the path specified. (0x3)
[1012/101218.538:ERROR:directory_reader_win.cc(43)] FindFirstFile: The system cannot find the path specified. (0x3)
[1012/101545.155:ERROR:directory_reader_win.cc(43)] FindFirstFile: The system cannot find the path specified. (0x3)
[1012/122713.624:ERROR:directory_reader_win.cc(43)] FindFirstFile: The system cannot find the path specified. (0x3)
[1012/123002.310:ERROR:directory_reader_win.cc(43)] FindFirstFile: The system cannot find the path specified. (0x3)
[1012/123357.349:ERROR:directory_reader_win.cc(43)] FindFirstFile: The system cannot find the path specified. (0x3)
[1012/124930.724:ERROR:directory_reader_win.cc(43)] FindFirstFile: The system cannot find the path specified. (0x3)
[1012/125502.365:ERROR:directory_reader_win.cc(43)] FindFirstFile: The system cannot find the path specified. (0x3)
[1013/090705.269:ERROR:process_reader_win.cc(123)] NtOpenThread: {Access Denied} A process has requested access to an object, but has not been granted those access rights. (0xc0000022)
[1013/090705.280:ERROR:exception_snapshot_win.cc(99)] thread ID 9236 not found in process
[1013/090705.516:ERROR:process_reader_win.cc(151)] SuspendThread: Access is denied. (0x5)
[1013/090705.516:ERROR:process_reader_win.cc(151)] SuspendThread: Access is denied. (0x5)
[1013/090705.517:ERROR:process_reader_win.cc(151)] SuspendThread: Access is denied. (0x5)
[1013/090705.517:ERROR:process_reader_win.cc(123)] NtOpenThread: {Access Denied} A process has requested access to an object, but has not been granted those access rights. (0xc0000022)
[1013/090705.517:ERROR:exception_snapshot_win.cc(99)] thread ID 4488 not found in process
[1013/120139.310:ERROR:directory_reader_win.cc(43)] FindFirstFile: The system cannot find the path specified. (0x3)
[1013/140433.240:ERROR:process_reader_win.cc(123)] NtOpenThread: {Access Denied} A process has requested access to an object, but has not been granted those access rights. (0xc0000022)
[1013/140433.308:ERROR:exception_snapshot_win.cc(99)] thread ID 12108 not found in process
[1013/140433.740:ERROR:process_reader_win.cc(151)] SuspendThread: Access is denied. (0x5)
[1013/140433.741:ERROR:process_reader_win.cc(151)] SuspendThread: Access is denied. (0x5)
[1013/140433.741:ERROR:process_reader_win.cc(151)] SuspendThread: Access is denied. (0x5)
[1013/140433.741:ERROR:process_reader_win.cc(123)] NtOpenThread: {Access Denied} A process has requested access to an object, but has not been granted those access rights. (0xc0000022)
[1013/140433.741:ERROR:exception_snapshot_win.cc(99)] thread ID 9448 not found in process
[1014/084530.744:ERROR:directory_reader_win.cc(43)] FindFirstFile: The system cannot find the path specified. (0x3)
[1014/091129.201:ERROR:process_reader_win.cc(123)] NtOpenThread: {Access Denied} A process has requested access to an object, but has not been granted those access rights. (0xc0000022)
[1014/091129.250:ERROR:exception_snapshot_win.cc(99)] thread ID 8200 not found in process
[1014/091129.489:ERROR:process_reader_win.cc(151)] SuspendThread: Access is denied. (0x5)
[1014/091129.489:ERROR:process_reader_win.cc(151)] SuspendThread: Access is denied. (0x5)
[1014/091129.489:ERROR:process_reader_win.cc(151)] SuspendThread: Access is denied. (0x5)
[1014/091129.489:ERROR:process_reader_win.cc(123)] NtOpenThread: {Access Denied} A process has requested access to an object, but has not been granted those access rights. (0xc0000022)
[1014/091129.489:ERROR:exception_snapshot_win.cc(99)] thread ID 4368 not found in process
[1014/111837.851:ERROR:directory_reader_win.cc(43)] FindFirstFile: The system cannot find the path specified. (0x3)
[1015/092821.983:ERROR:process_reader_win.cc(123)] NtOpenThread: {Access Denied} A process has requested access to an object, but has not been granted those access rights. (0xc0000022)
[1015/092821.988:ERROR:exception_snapshot_win.cc(99)] thread ID 5976 not found in process
[1015/092822.111:ERROR:process_reader_win.cc(151)] SuspendThread: Access is denied. (0x5)
[1015/092822.112:ERROR:process_reader_win.cc(151)] SuspendThread: Access is denied. (0x5)
[1015/092822.112:ERROR:process_reader_win.cc(151)] SuspendThread: Access is denied. (0x5)
[1015/092822.112:ERROR:process_reader_win.cc(123)] NtOpenThread: {Access Denied} A process has requested access to an object, but has not been granted those access rights. (0xc0000022)
[1015/092822.112:ERROR:exception_snapshot_win.cc(99)] thread ID 6960 not found in process
[1015/100150.124:ERROR:directory_reader_win.cc(43)] FindFirstFile: The system cannot find the path specified. (0x3)
[1015/113236.803:ERROR:process_reader_win.cc(123)] NtOpenThread: {Access Denied} A process has requested access to an object, but has not been granted those access rights. (0xc0000022)
[1015/113236.845:ERROR:exception_snapshot_win.cc(99)] thread ID 10552 not found in process
[1015/113236.996:ERROR:process_reader_win.cc(151)] SuspendThread: Access is denied. (0x5)
[1015/113236.997:ERROR:process_reader_win.cc(151)] SuspendThread: Access is denied. (0x5)
[1015/113236.997:ERROR:process_reader_win.cc(151)] SuspendThread: Access is denied. (0x5)
[1015/113236.997:ERROR:process_reader_win.cc(151)] SuspendThread: Access is denied. (0x5)
[1015/113236.998:ERROR:process_reader_win.cc(123)] NtOpenThread: {Access Denied} A process has requested access to an object, but has not been granted those access rights. (0xc0000022)
[1015/113236.998:ERROR:exception_snapshot_win.cc(99)] thread ID 7952 not found in process
[1015/114839.387:ERROR:directory_reader_win.cc(43)] FindFirstFile: The system cannot find the path specified. (0x3)
[1015/115200.514:ERROR:directory_reader_win.cc(43)] FindFirstFile: The system cannot find the path specified. (0x3)
[1015/120003.077:ERROR:process_reader_win.cc(151)] SuspendThread: Access is denied. (0x5)
[1015/120003.078:ERROR:process_reader_win.cc(123)] NtOpenThread: {Access Denied} A process has requested access to an object, but has not been granted those access rights. (0xc0000022)
[1015/120003.141:ERROR:exception_snapshot_win.cc(99)] thread ID 4588 not found in process
[1015/120003.314:ERROR:process_reader_win.cc(151)] SuspendThread: Access is denied. (0x5)
[1015/120003.315:ERROR:process_reader_win.cc(151)] SuspendThread: Access is denied. (0x5)
[1015/120003.315:ERROR:process_reader_win.cc(151)] SuspendThread: Access is denied. (0x5)
[1015/120003.315:ERROR:process_reader_win.cc(151)] SuspendThread: Access is denied. (0x5)
[1015/120003.315:ERROR:process_reader_win.cc(123)] NtOpenThread: {Access Denied} A process has requested access to an object, but has not been granted those access rights. (0xc0000022)
[1015/120003.315:ERROR:exception_snapshot_win.cc(99)] thread ID 8692 not found in process
[1015/122228.312:ERROR:process_reader_win.cc(151)] SuspendThread: Access is denied. (0x5)
[1015/122228.324:ERROR:process_reader_win.cc(151)] SuspendThread: Access is denied. (0x5)
[1015/122228.324:ERROR:process_reader_win.cc(151)] SuspendThread: Access is denied. (0x5)
[1015/122228.324:ERROR:process_reader_win.cc(151)] SuspendThread: Access is denied. (0x5)
[1015/122228.324:ERROR:process_reader_win.cc(151)] SuspendThread: Access is denied. (0x5)
[1015/122228.324:ERROR:process_reader_win.cc(123)] NtOpenThread: {Access Denied} A process has requested access to an object, but has not been granted those access rights. (0xc0000022)
[1015/122228.328:ERROR:exception_snapshot_win.cc(99)] thread ID 10128 not found in process
[1015/122228.345:ERROR:process_reader_win.cc(151)] SuspendThread: Access is denied. (0x5)
[1015/122228.346:ERROR:process_reader_win.cc(151)] SuspendThread: Access is denied. (0x5)
[1015/122228.346:ERROR:process_reader_win.cc(123)] NtOpenThread: {Access Denied} A process has requested access to an object, but has not been granted those access rights. (0xc0000022)
[1015/122228.346:ERROR:exception_snapshot_win.cc(99)] thread ID 9572 not found in process
[1015/131142.699:ERROR:directory_reader_win.cc(43)] FindFirstFile: The system cannot find the path specified. (0x3)
[1015/143603.565:ERROR:process_reader_win.cc(123)] NtOpenThread: {Access Denied} A process has requested access to an object, but has not been granted those access rights. (0xc0000022)
[1015/143603.568:ERROR:exception_snapshot_win.cc(99)] thread ID 10864 not found in process
[1015/143603.655:ERROR:process_reader_win.cc(151)] SuspendThread: Access is denied. (0x5)
[1015/143603.655:ERROR:process_reader_win.cc(123)] NtOpenThread: {Access Denied} A process has requested access to an object, but has not been granted those access rights. (0xc0000022)
[1015/143603.655:ERROR:exception_snapshot_win.cc(99)] thread ID 10132 not found in process
[1015/143603.835:ERROR:process_reader_win.cc(151)] SuspendThread: Access is denied. (0x5)
[1015/143603.835:ERROR:process_reader_win.cc(151)] SuspendThread: Access is denied. (0x5)
[1015/143603.835:ERROR:process_reader_win.cc(151)] SuspendThread: Access is denied. (0x5)
[1015/143603.835:ERROR:process_reader_win.cc(123)] NtOpenThread: {Access Denied} A process has requested access to an object, but has not been granted those access rights. (0xc0000022)
[1015/143603.835:ERROR:exception_snapshot_win.cc(99)] thread ID 7224 not found in process
[1015/155607.401:ERROR:directory_reader_win.cc(43)] FindFirstFile: The system cannot find the path specified. (0x3)
[1015/160359.631:ERROR:directory_reader_win.cc(43)] FindFirstFile: The system cannot find the path specified. (0x3)
[1015/161850.718:ERROR:directory_reader_win.cc(43)] FindFirstFile: The system cannot find the path specified. (0x3)
[1016/135717.731:ERROR:directory_reader_win.cc(43)] FindFirstFile: The system cannot find the path specified. (0x3)
[1016/135832.191:ERROR:directory_reader_win.cc(43)] FindFirstFile: The system cannot find the path specified. (0x3)
[1016/142639.946:ERROR:directory_reader_win.cc(43)] FindFirstFile: The system cannot find the path specified. (0x3)
[1016/143102.700:ERROR:directory_reader_win.cc(43)] FindFirstFile: The system cannot find the path specified. (0x3)
[1016/154251.779:ERROR:process_reader_win.cc(151)] SuspendThread: Access is denied. (0x5)
[1016/154251.784:ERROR:process_reader_win.cc(151)] SuspendThread: Access is denied. (0x5)
[1016/154251.784:ERROR:process_reader_win.cc(123)] NtOpenThread: {Access Denied} A process has requested access to an object, but has not been granted those access rights. (0xc0000022)
[1016/154251.793:ERROR:exception_snapshot_win.cc(99)] thread ID 11728 not found in process
[1016/154252.472:ERROR:process_reader_win.cc(151)] SuspendThread: Access is denied. (0x5)
[1016/154252.473:ERROR:process_reader_win.cc(151)] SuspendThread: Access is denied. (0x5)
[1016/154252.473:ERROR:process_reader_win.cc(151)] SuspendThread: Access is denied. (0x5)
[1016/154252.473:ERROR:process_reader_win.cc(151)] SuspendThread: Access is denied. (0x5)
[1016/154252.473:ERROR:process_reader_win.cc(151)] SuspendThread: Access is denied. (0x5)
[1016/154252.473:ERROR:process_reader_win.cc(123)] NtOpenThread: {Access Denied} A process has requested access to an object, but has not been granted those access rights. (0xc0000022)
[1016/154252.473:ERROR:exception_snapshot_win.cc(99)] thread ID 11860 not found in process
[1016/154252.702:ERROR:process_reader_win.cc(123)] NtOpenThread: {Access Denied} A process has requested access to an object, but has not been granted those access rights. (0xc0000022)
[1016/154252.838:ERROR:exception_snapshot_win.cc(99)] thread ID 6024 not found in process
[1016/154253.162:ERROR:process_reader_win.cc(151)] SuspendThread: Access is denied. (0x5)
[1016/154253.162:ERROR:process_reader_win.cc(151)] SuspendThread: Access is denied. (0x5)
[1016/154253.162:ERROR:process_reader_win.cc(151)] SuspendThread: Access is denied. (0x5)
[1016/154253.163:ERROR:process_reader_win.cc(151)] SuspendThread: Access is denied. (0x5)
[1016/154253.163:ERROR:process_reader_win.cc(151)] SuspendThread: Access is denied. (0x5)
[1016/154253.163:ERROR:process_reader_win.cc(123)] NtOpenThread: {Access Denied} A process has requested access to an object, but has not been granted those access rights. (0xc0000022)
[1016/154253.163:ERROR:exception_snapshot_win.cc(99)] thread ID 12584 not found in process
[1016/154253.380:ERROR:process_reader_win.cc(123)] NtOpenThread: {Access Denied} A process has requested access to an object, but has not been granted those access rights. (0xc0000022)
[1016/154253.385:ERROR:exception_snapshot_win.cc(99)] thread ID 2288 not found in process
[1016/154253.602:ERROR:process_reader_win.cc(151)] SuspendThread: Access is denied. (0x5)
[1016/154253.602:ERROR:process_reader_win.cc(151)] SuspendThread: Access is denied. (0x5)
[1016/154253.602:ERROR:process_reader_win.cc(151)] SuspendThread: Access is denied. (0x5)
[1016/154253.602:ERROR:process_reader_win.cc(151)] SuspendThread: Access is denied. (0x5)
[1016/154253.602:ERROR:process_reader_win.cc(123)] NtOpenThread: {Access Denied} A process has requested access to an object, but has not been granted those access rights. (0xc0000022)
[1016/154253.602:ERROR:exception_snapshot_win.cc(99)] thread ID 10144 not found in process
[1016/154253.746:ERROR:process_reader_win.cc(123)] NtOpenThread: {Access Denied} A process has requested access to an object, but has not been granted those access rights. (0xc0000022)
[1016/154253.750:ERROR:exception_snapshot_win.cc(99)] thread ID 916 not found in process
[1016/154253.958:ERROR:process_reader_win.cc(151)] SuspendThread: Access is denied. (0x5)
[1016/154253.958:ERROR:process_reader_win.cc(151)] SuspendThread: Access is denied. (0x5)
[1016/154253.958:ERROR:process_reader_win.cc(151)] SuspendThread: Access is denied. (0x5)
[1016/154253.958:ERROR:process_reader_win.cc(151)] SuspendThread: Access is denied. (0x5)
[1016/154253.958:ERROR:process_reader_win.cc(151)] SuspendThread: Access is denied. (0x5)
[1016/154253.958:ERROR:process_reader_win.cc(123)] NtOpenThread: {Access Denied} A process has requested access to an object, but has not been granted those access rights. (0xc0000022)
[1016/154253.959:ERROR:exception_snapshot_win.cc(99)] thread ID 4632 not found in process
[1017/171651.353:ERROR:directory_reader_win.cc(43)] FindFirstFile: The system cannot find the path specified. (0x3)
[1017/172112.016:ERROR:directory_reader_win.cc(43)] FindFirstFile: The system cannot find the path specified. (0x3)
[1017/184025.330:ERROR:directory_reader_win.cc(43)] FindFirstFile: The system cannot find the path specified. (0x3)
[1018/130018.885:ERROR:directory_reader_win.cc(43)] FindFirstFile: The system cannot find the path specified. (0x3)
[1018/130132.753:ERROR:directory_reader_win.cc(43)] FindFirstFile: The system cannot find the path specified. (0x3)
[1018/130409.421:ERROR:directory_reader_win.cc(43)] FindFirstFile: The system cannot find the path specified. (0x3)
[1018/130503.260:ERROR:directory_reader_win.cc(43)] FindFirstFile: The system cannot find the path specified. (0x3)
[1018/132856.695:ERROR:directory_reader_win.cc(43)] FindFirstFile: The system cannot find the path specified. (0x3)
[1018/133610.249:ERROR:directory_reader_win.cc(43)] FindFirstFile: The system cannot find the path specified. (0x3)
[1018/134459.623:ERROR:directory_reader_win.cc(43)] FindFirstFile: The system cannot find the path specified. (0x3)
[1018/140400.290:ERROR:directory_reader_win.cc(43)] FindFirstFile: The system cannot find the path specified. (0x3)
[1019/094636.296:ERROR:directory_reader_win.cc(43)] FindFirstFile: The system cannot find the path specified. (0x3)
[1019/094955.666:ERROR:directory_reader_win.cc(43)] FindFirstFile: The system cannot find the path specified. (0x3)
[1019/101056.388:ERROR:directory_reader_win.cc(43)] FindFirstFile: The system cannot find the path specified. (0x3)
[1019/101447.921:ERROR:directory_reader_win.cc(43)] FindFirstFile: The system cannot find the path specified. (0x3)
[1019/102046.796:ERROR:directory_reader_win.cc(43)] FindFirstFile: The system cannot find the path specified. (0x3)
[1019/111325.802:ERROR:directory_reader_win.cc(43)] FindFirstFile: The system cannot find the path specified. (0x3)
[1019/113037.741:ERROR:directory_reader_win.cc(43)] FindFirstFile: The system cannot find the path specified. (0x3)
[1019/120518.780:ERROR:directory_reader_win.cc(43)] FindFirstFile: The system cannot find the path specified. (0x3)
[1019/161527.205:ERROR:directory_reader_win.cc(43)] FindFirstFile: The system cannot find the path specified. (0x3)
[1019/161757.532:ERROR:directory_reader_win.cc(43)] FindFirstFile: The system cannot find the path specified. (0x3)
[1019/170137.072:ERROR:directory_reader_win.cc(43)] FindFirstFile: The system cannot find the path specified. (0x3)
[1019/171332.548:ERROR:directory_reader_win.cc(43)] FindFirstFile: The system cannot find the path specified. (0x3)
[1019/171909.346:ERROR:directory_reader_win.cc(43)] FindFirstFile: The system cannot find the path specified. (0x3)
[1021/173043.144:ERROR:directory_reader_win.cc(43)] FindFirstFile: The system cannot find the path specified. (0x3)
[1021/190344.943:ERROR:directory_reader_win.cc(43)] FindFirstFile: The system cannot find the path specified. (0x3)
[1024/142546.515:ERROR:directory_reader_win.cc(43)] FindFirstFile: The system cannot find the path specified. (0x3)
[1024/150310.870:ERROR:directory_reader_win.cc(43)] FindFirstFile: The system cannot find the path specified. (0x3)
[1024/151835.792:ERROR:directory_reader_win.cc(43)] FindFirstFile: The system cannot find the path specified. (0x3)
[1024/155704.001:ERROR:directory_reader_win.cc(43)] FindFirstFile: The system cannot find the path specified. (0x3)
[1024/160116.673:ERROR:directory_reader_win.cc(43)] FindFirstFile: The system cannot find the path specified. (0x3)
[1024/160653.592:ERROR:directory_reader_win.cc(43)] FindFirstFile: The system cannot find the path specified. (0x3)
[1024/162237.788:ERROR:directory_reader_win.cc(43)] FindFirstFile: The system cannot find the path specified. (0x3)
[1024/165005.729:ERROR:directory_reader_win.cc(43)] FindFirstFile: The system cannot find the path specified. (0x3)
[1024/173635.279:ERROR:directory_reader_win.cc(43)] FindFirstFile: The system cannot find the path specified. (0x3)
[1024/190824.199:ERROR:directory_reader_win.cc(43)] FindFirstFile: The system cannot find the path specified. (0x3)
[1025/102648.002:ERROR:directory_reader_win.cc(43)] FindFirstFile: The system cannot find the path specified. (0x3)
[1025/104449.690:ERROR:directory_reader_win.cc(43)] FindFirstFile: The system cannot find the path specified. (0x3)
[1025/113958.932:ERROR:directory_reader_win.cc(43)] FindFirstFile: The system cannot find the path specified. (0x3)
[1028/163506.657:ERROR:directory_reader_win.cc(43)] FindFirstFile: The system cannot find the path specified. (0x3)
[1028/164009.608:ERROR:directory_reader_win.cc(43)] FindFirstFile: The system cannot find the path specified. (0x3)
[1028/165300.207:ERROR:directory_reader_win.cc(43)] FindFirstFile: The system cannot find the path specified. (0x3)
[1028/170443.545:ERROR:directory_reader_win.cc(43)] FindFirstFile: The system cannot find the path specified. (0x3)
[1028/171934.356:ERROR:directory_reader_win.cc(43)] FindFirstFile: The system cannot find the path specified. (0x3)
[1028/173526.588:ERROR:directory_reader_win.cc(43)] FindFirstFile: The system cannot find the path specified. (0x3)
[1028/174219.451:ERROR:directory_reader_win.cc(43)] FindFirstFile: The system cannot find the path specified. (0x3)
[1028/174627.773:ERROR:directory_reader_win.cc(43)] FindFirstFile: The system cannot find the path specified. (0x3)
[1028/175607.261:ERROR:directory_reader_win.cc(43)] FindFirstFile: The system cannot find the path specified. (0x3)
[1028/191320.212:ERROR:process_reader_win.cc(151)] SuspendThread: Access is denied. (0x5)
[1028/191320.212:ERROR:process_reader_win.cc(151)] SuspendThread: Access is denied. (0x5)
[1028/191320.212:ERROR:process_reader_win.cc(151)] SuspendThread: Access is denied. (0x5)
[1028/191320.212:ERROR:process_reader_win.cc(151)] SuspendThread: Access is denied. (0x5)
[1028/191320.212:ERROR:process_reader_win.cc(151)] SuspendThread: Access is denied. (0x5)
[1028/191320.212:ERROR:process_reader_win.cc(151)] SuspendThread: Access is denied. (0x5)
[1028/191320.212:ERROR:process_reader_win.cc(151)] SuspendThread: Access is denied. (0x5)
[1028/191320.212:ERROR:process_reader_win.cc(151)] SuspendThread: Access is denied. (0x5)
[1028/191320.212:ERROR:process_reader_win.cc(151)] SuspendThread: Access is denied. (0x5)
[1028/191320.212:ERROR:process_reader_win.cc(123)] NtOpenThread: {Access Denied} A process has requested access to an object, but has not been granted those access rights. (0xc0000022)
[1028/191320.212:ERROR:exception_snapshot_win.cc(99)] thread ID 980 not found in process
[1028/191320.431:ERROR:process_reader_win.cc(151)] SuspendThread: Access is denied. (0x5)
[1028/191320.431:ERROR:process_reader_win.cc(151)] SuspendThread: Access is denied. (0x5)
[1028/191320.431:ERROR:process_reader_win.cc(151)] SuspendThread: Access is denied. (0x5)
[1028/191320.431:ERROR:process_reader_win.cc(151)] SuspendThread: Access is denied. (0x5)
[1028/191320.431:ERROR:process_reader_win.cc(151)] SuspendThread: Access is denied. (0x5)
[1028/191320.431:ERROR:process_reader_win.cc(151)] SuspendThread: Access is denied. (0x5)
[1028/191320.431:ERROR:process_reader_win.cc(151)] SuspendThread: Access is denied. (0x5)
[1028/191320.431:ERROR:process_reader_win.cc(151)] SuspendThread: Access is denied. (0x5)
[1028/191320.431:ERROR:process_reader_win.cc(151)] SuspendThread: Access is denied. (0x5)
[1028/191320.431:ERROR:process_reader_win.cc(151)] SuspendThread: Access is denied. (0x5)
[1028/191320.431:ERROR:process_reader_win.cc(123)] NtOpenThread: {Access Denied} A process has requested access to an object, but has not been granted those access rights. (0xc0000022)
[1028/191320.431:ERROR:exception_snapshot_win.cc(99)] thread ID 5944 not found in process
[1028/191322.150:ERROR:process_reader_win.cc(151)] SuspendThread: Access is denied. (0x5)
[1028/191322.150:ERROR:process_reader_win.cc(151)] SuspendThread: Access is denied. (0x5)
[1028/191322.150:ERROR:process_reader_win.cc(151)] SuspendThread: Access is denied. (0x5)
[1028/191322.150:ERROR:process_reader_win.cc(151)] SuspendThread: Access is denied. (0x5)
[1028/191322.150:ERROR:process_reader_win.cc(151)] SuspendThread: Access is denied. (0x5)
[1028/191322.150:ERROR:process_reader_win.cc(151)] SuspendThread: Access is denied. (0x5)
[1028/191322.150:ERROR:process_reader_win.cc(151)] SuspendThread: Access is denied. (0x5)
[1028/191322.150:ERROR:process_reader_win.cc(151)] SuspendThread: Access is denied. (0x5)
[1028/191322.150:ERROR:process_reader_win.cc(123)] NtOpenThread: {Access Denied} A process has requested access to an object, but has not been granted those access rights. (0xc0000022)
[1028/191322.150:ERROR:exception_snapshot_win.cc(99)] thread ID 560 not found in process
[1029/162345.196:ERROR:directory_reader_win.cc(43)] FindFirstFile: The system cannot find the path specified. (0x3)
[1029/163014.812:ERROR:directory_reader_win.cc(43)] FindFirstFile: The system cannot find the path specified. (0x3)
[1029/163725.414:ERROR:directory_reader_win.cc(43)] FindFirstFile: The system cannot find the path specified. (0x3)
[1029/164404.451:ERROR:directory_reader_win.cc(43)] FindFirstFile: The system cannot find the path specified. (0x3)
[1029/170712.890:ERROR:directory_reader_win.cc(43)] FindFirstFile: The system cannot find the path specified. (0x3)
[1029/170949.631:ERROR:directory_reader_win.cc(43)] FindFirstFile: The system cannot find the path specified. (0x3)
[1029/172125.108:ERROR:directory_reader_win.cc(43)] FindFirstFile: The system cannot find the path specified. (0x3)
[1029/173956.477:ERROR:directory_reader_win.cc(43)] FindFirstFile: The system cannot find the path specified. (0x3)
[1029/174951.339:ERROR:directory_reader_win.cc(43)] FindFirstFile: The system cannot find the path specified. (0x3)
[1029/175540.105:ERROR:directory_reader_win.cc(43)] FindFirstFile: The system cannot find the path specified. (0x3)
[1029/175915.691:ERROR:directory_reader_win.cc(43)] FindFirstFile: The system cannot find the path specified. (0x3)
[1029/180126.358:ERROR:directory_reader_win.cc(43)] FindFirstFile: The system cannot find the path specified. (0x3)
[1029/181332.590:ERROR:directory_reader_win.cc(43)] FindFirstFile: The system cannot find the path specified. (0x3)
[1029/182353.071:ERROR:directory_reader_win.cc(43)] FindFirstFile: The system cannot find the path specified. (0x3)
[1029/182832.340:ERROR:directory_reader_win.cc(43)] FindFirstFile: The system cannot find the path specified. (0x3)
[1030/175031.050:ERROR:directory_reader_win.cc(43)] FindFirstFile: The system cannot find the path specified. (0x3)
[1030/175503.165:ERROR:directory_reader_win.cc(43)] FindFirstFile: The system cannot find the path specified. (0x3)
[1030/182714.961:ERROR:directory_reader_win.cc(43)] FindFirstFile: The system cannot find the path specified. (0x3)
[1030/190354.594:ERROR:process_reader_win.cc(151)] SuspendThread: Access is denied. (0x5)
[1030/190354.594:ERROR:process_reader_win.cc(123)] NtOpenThread: {Access Denied} A process has requested access to an object, but has not been granted those access rights. (0xc0000022)
[1030/190354.594:ERROR:exception_snapshot_win.cc(99)] thread ID 15240 not found in process
[1030/190354.610:ERROR:process_reader_win.cc(151)] SuspendThread: Access is denied. (0x5)
[1030/190354.610:ERROR:process_reader_win.cc(123)] NtOpenThread: {Access Denied} A process has requested access to an object, but has not been granted those access rights. (0xc0000022)
[1030/190354.610:ERROR:exception_snapshot_win.cc(99)] thread ID 15236 not found in process
[1030/190354.657:ERROR:process_reader_win.cc(151)] SuspendThread: Access is denied. (0x5)
[1030/190354.657:ERROR:process_reader_win.cc(151)] SuspendThread: Access is denied. (0x5)
[1030/190354.657:ERROR:process_reader_win.cc(151)] SuspendThread: Access is denied. (0x5)
[1030/190354.657:ERROR:process_reader_win.cc(151)] SuspendThread: Access is denied. (0x5)
[1030/190354.657:ERROR:process_reader_win.cc(123)] NtOpenThread: {Access Denied} A process has requested access to an object, but has not been granted those access rights. (0xc0000022)
[1030/190354.657:ERROR:exception_snapshot_win.cc(99)] thread ID 15228 not found in process
[1031/144705.489:ERROR:directory_reader_win.cc(43)] FindFirstFile: The system cannot find the path specified. (0x3)
[1031/144951.282:ERROR:directory_reader_win.cc(43)] FindFirstFile: The system cannot find the path specified. (0x3)
[1031/145153.530:ERROR:directory_reader_win.cc(43)] FindFirstFile: The system cannot find the path specified. (0x3)
[1031/145557.583:ERROR:directory_reader_win.cc(43)] FindFirstFile: The system cannot find the path specified. (0x3)
[1031/150036.839:ERROR:directory_reader_win.cc(43)] FindFirstFile: The system cannot find the path specified. (0x3)
[1031/151507.423:ERROR:directory_reader_win.cc(43)] FindFirstFile: The system cannot find the path specified. (0x3)
[1031/152015.101:ERROR:directory_reader_win.cc(43)] FindFirstFile: The system cannot find the path specified. (0x3)
[1031/152321.613:ERROR:directory_reader_win.cc(43)] FindFirstFile: The system cannot find the path specified. (0x3)
[1031/152942.204:ERROR:directory_reader_win.cc(43)] FindFirstFile: The system cannot find the path specified. (0x3)
[1031/153149.407:ERROR:directory_reader_win.cc(43)] FindFirstFile: The system cannot find the path specified. (0x3)
[1031/155724.044:ERROR:directory_reader_win.cc(43)] FindFirstFile: The system cannot find the path specified. (0x3)
[1031/163348.658:ERROR:directory_reader_win.cc(43)] FindFirstFile: The system cannot find the path specified. (0x3)
[1031/163558.265:ERROR:directory_reader_win.cc(43)] FindFirstFile: The system cannot find the path specified. (0x3)
[1031/163821.863:ERROR:directory_reader_win.cc(43)] FindFirstFile: The system cannot find the path specified. (0x3)
[1031/171507.242:ERROR:directory_reader_win.cc(43)] FindFirstFile: The system cannot find the path specified. (0x3)
[1031/173805.185:ERROR:directory_reader_win.cc(43)] FindFirstFile: The system cannot find the path specified. (0x3)
[1031/174102.642:ERROR:directory_reader_win.cc(43)] FindFirstFile: The system cannot find the path specified. (0x3)
[1031/175005.131:ERROR:directory_reader_win.cc(43)] FindFirstFile: The system cannot find the path specified. (0x3)
[1031/175242.894:ERROR:directory_reader_win.cc(43)] FindFirstFile: The system cannot find the path specified. (0x3)
[1031/182505.882:ERROR:directory_reader_win.cc(43)] FindFirstFile: The system cannot find the path specified. (0x3)
[1031/183109.127:ERROR:directory_reader_win.cc(43)] FindFirstFile: The system cannot find the path specified. (0x3)
[1031/184923.807:ERROR:directory_reader_win.cc(43)] FindFirstFile: The system cannot find the path specified. (0x3)
[1031/185112.687:ERROR:directory_reader_win.cc(43)] FindFirstFile: The system cannot find the path specified. (0x3)
[1031/185344.465:ERROR:directory_reader_win.cc(43)] FindFirstFile: The system cannot find the path specified. (0x3)
[1031/185818.644:ERROR:directory_reader_win.cc(43)] FindFirstFile: The system cannot find the path specified. (0x3)
[1031/190034.783:ERROR:directory_reader_win.cc(43)] FindFirstFile: The system cannot find the path specified. (0x3)
[1031/190620.187:ERROR:directory_reader_win.cc(43)] FindFirstFile: The system cannot find the path specified. (0x3)
[1031/191048.491:ERROR:directory_reader_win.cc(43)] FindFirstFile: The system cannot find the path specified. (0x3)
[1031/191343.321:ERROR:directory_reader_win.cc(43)] FindFirstFile: The system cannot find the path specified. (0x3)
[1102/114912.985:ERROR:directory_reader_win.cc(43)] FindFirstFile: The system cannot find the path specified. (0x3)
[1102/120629.023:ERROR:directory_reader_win.cc(43)] FindFirstFile: The system cannot find the path specified. (0x3)
[1102/121532.514:ERROR:directory_reader_win.cc(43)] FindFirstFile: The system cannot find the path specified. (0x3)
[1102/122059.581:ERROR:directory_reader_win.cc(43)] FindFirstFile: The system cannot find the path specified. (0x3)
[1102/122241.965:ERROR:directory_reader_win.cc(43)] FindFirstFile: The system cannot find the path specified. (0x3)
[1102/122836.608:ERROR:directory_reader_win.cc(43)] FindFirstFile: The system cannot find the path specified. (0x3)
[1102/124554.054:ERROR:directory_reader_win.cc(43)] FindFirstFile: The system cannot find the path specified. (0x3)
[1102/124852.602:ERROR:directory_reader_win.cc(43)] FindFirstFile: The system cannot find the path specified. (0x3)
[1102/125926.894:ERROR:directory_reader_win.cc(43)] FindFirstFile: The system cannot find the path specified. (0x3)
[1102/130322.824:ERROR:directory_reader_win.cc(43)] FindFirstFile: The system cannot find the path specified. (0x3)
[1102/130714.252:ERROR:directory_reader_win.cc(43)] FindFirstFile: The system cannot find the path specified. (0x3)
[1102/130932.872:ERROR:directory_reader_win.cc(43)] FindFirstFile: The system cannot find the path specified. (0x3)
[1102/132443.524:ERROR:directory_reader_win.cc(43)] FindFirstFile: The system cannot find the path specified. (0x3)
[1102/132911.327:ERROR:directory_reader_win.cc(43)] FindFirstFile: The system cannot find the path specified. (0x3)
[1102/134719.733:ERROR:directory_reader_win.cc(43)] FindFirstFile: The system cannot find the path specified. (0x3)
[1102/134953.294:ERROR:directory_reader_win.cc(43)] FindFirstFile: The system cannot find the path specified. (0x3)
[1102/135538.075:ERROR:directory_reader_win.cc(43)] FindFirstFile: The system cannot find the path specified. (0x3)
[1102/140147.725:ERROR:directory_reader_win.cc(43)] FindFirstFile: The system cannot find the path specified. (0x3)
[1102/140426.285:ERROR:directory_reader_win.cc(43)] FindFirstFile: The system cannot find the path specified. (0x3)
[1102/141214.293:ERROR:directory_reader_win.cc(43)] FindFirstFile: The system cannot find the path specified. (0x3)
[1102/141517.371:ERROR:directory_reader_win.cc(43)] FindFirstFile: The system cannot find the path specified. (0x3)
[1102/141812.325:ERROR:directory_reader_win.cc(43)] FindFirstFile: The system cannot find the path specified. (0x3)
[1102/141846.901:ERROR:directory_reader_win.cc(43)] FindFirstFile: The system cannot find the path specified. (0x3)
[1102/142116.023:ERROR:directory_reader_win.cc(43)] FindFirstFile: The system cannot find the path specified. (0x3)
[1102/142231.422:ERROR:directory_reader_win.cc(43)] FindFirstFile: The system cannot find the path specified. (0x3)
[1102/142344.061:ERROR:directory_reader_win.cc(43)] FindFirstFile: The system cannot find the path specified. (0x3)
[1102/142653.374:ERROR:directory_reader_win.cc(43)] FindFirstFile: The system cannot find the path specified. (0x3)
[1102/142949.619:ERROR:directory_reader_win.cc(43)] FindFirstFile: The system cannot find the path specified. (0x3)
[1102/143708.363:ERROR:directory_reader_win.cc(43)] FindFirstFile: The system cannot find the path specified. (0x3)
[1102/143954.108:ERROR:directory_reader_win.cc(43)] FindFirstFile: The system cannot find the path specified. (0x3)
[1102/144632.136:ERROR:directory_reader_win.cc(43)] FindFirstFile: The system cannot find the path specified. (0x3)
[1102/144831.990:ERROR:directory_reader_win.cc(43)] FindFirstFile: The system cannot find the path specified. (0x3)
[1102/145832.302:ERROR:directory_reader_win.cc(43)] FindFirstFile: The system cannot find the path specified. (0x3)
[1102/150232.023:ERROR:directory_reader_win.cc(43)] FindFirstFile: The system cannot find the path specified. (0x3)
[1102/150601.516:ERROR:directory_reader_win.cc(43)] FindFirstFile: The system cannot find the path specified. (0x3)
[1102/150828.373:ERROR:directory_reader_win.cc(43)] FindFirstFile: The system cannot find the path specified. (0x3)
[1102/151111.922:ERROR:directory_reader_win.cc(43)] FindFirstFile: The system cannot find the path specified. (0x3)
[1102/163336.970:ERROR:directory_reader_win.cc(43)] FindFirstFile: The system cannot find the path specified. (0x3)
[1102/163733.895:ERROR:directory_reader_win.cc(43)] FindFirstFile: The system cannot find the path specified. (0x3)
[1102/164013.926:ERROR:directory_reader_win.cc(43)] FindFirstFile: The system cannot find the path specified. (0x3)
[1102/164256.814:ERROR:directory_reader_win.cc(43)] FindFirstFile: The system cannot find the path specified. (0x3)
[1102/164722.425:ERROR:directory_reader_win.cc(43)] FindFirstFile: The system cannot find the path specified. (0x3)
[1102/165534.752:ERROR:directory_reader_win.cc(43)] FindFirstFile: The system cannot find the path specified. (0x3)
[1102/170245.489:ERROR:directory_reader_win.cc(43)] FindFirstFile: The system cannot find the path specified. (0x3)
[1102/170709.048:ERROR:directory_reader_win.cc(43)] FindFirstFile: The system cannot find the path specified. (0x3)
[1102/172106.399:ERROR:directory_reader_win.cc(43)] FindFirstFile: The system cannot find the path specified. (0x3)
[1102/172425.977:ERROR:directory_reader_win.cc(43)] FindFirstFile: The system cannot find the path specified. (0x3)
[1102/173612.530:ERROR:directory_reader_win.cc(43)] FindFirstFile: The system cannot find the path specified. (0x3)
[1102/174135.200:ERROR:directory_reader_win.cc(43)] FindFirstFile: The system cannot find the path specified. (0x3)
[1102/174941.170:ERROR:directory_reader_win.cc(43)] FindFirstFile: The system cannot find the path specified. (0x3)
[1102/181058.164:ERROR:directory_reader_win.cc(43)] FindFirstFile: The system cannot find the path specified. (0x3)
[1102/181846.610:ERROR:directory_reader_win.cc(43)] FindFirstFile: The system cannot find the path specified. (0x3)
[1102/182212.933:ERROR:directory_reader_win.cc(43)] FindFirstFile: The system cannot find the path specified. (0x3)
[1102/183030.369:ERROR:directory_reader_win.cc(43)] FindFirstFile: The system cannot find the path specified. (0x3)
[1102/183511.729:ERROR:directory_reader_win.cc(43)] FindFirstFile: The system cannot find the path specified. (0x3)
[1102/184241.373:ERROR:directory_reader_win.cc(43)] FindFirstFile: The system cannot find the path specified. (0x3)
[1102/184608.699:ERROR:directory_reader_win.cc(43)] FindFirstFile: The system cannot find the path specified. (0x3)
[1103/075144.352:ERROR:directory_reader_win.cc(43)] FindFirstFile: The system cannot find the path specified. (0x3)
[1103/075741.111:ERROR:directory_reader_win.cc(43)] FindFirstFile: The system cannot find the path specified. (0x3)
[1103/081200.191:ERROR:directory_reader_win.cc(43)] FindFirstFile: The system cannot find the path specified. (0x3)
[1103/081912.119:ERROR:directory_reader_win.cc(43)] FindFirstFile: The system cannot find the path specified. (0x3)
[1103/082142.428:ERROR:directory_reader_win.cc(43)] FindFirstFile: The system cannot find the path specified. (0x3)
[1103/082352.007:ERROR:directory_reader_win.cc(43)] FindFirstFile: The system cannot find the path specified. (0x3)
[1103/083020.741:ERROR:directory_reader_win.cc(43)] FindFirstFile: The system cannot find the path specified. (0x3)
[1103/083343.028:ERROR:directory_reader_win.cc(43)] FindFirstFile: The system cannot find the path specified. (0x3)
[1103/084255.068:ERROR:directory_reader_win.cc(43)] FindFirstFile: The system cannot find the path specified. (0x3)
[1103/085329.197:ERROR:directory_reader_win.cc(43)] FindFirstFile: The system cannot find the path specified. (0x3)
[1103/085546.399:ERROR:directory_reader_win.cc(43)] FindFirstFile: The system cannot find the path specified. (0x3)
[1103/100630.250:ERROR:directory_reader_win.cc(43)] FindFirstFile: The system cannot find the path specified. (0x3)
[1103/101025.399:ERROR:directory_reader_win.cc(43)] FindFirstFile: The system cannot find the path specified. (0x3)
[1103/101648.186:ERROR:directory_reader_win.cc(43)] FindFirstFile: The system cannot find the path specified. (0x3)
[1103/102725.795:ERROR:directory_reader_win.cc(43)] FindFirstFile: The system cannot find the path specified. (0x3)
[1103/122238.209:ERROR:directory_reader_win.cc(43)] FindFirstFile: The system cannot find the path specified. (0x3)
[1103/122826.684:ERROR:directory_reader_win.cc(43)] FindFirstFile: The system cannot find the path specified. (0x3)
[1103/131638.670:ERROR:directory_reader_win.cc(43)] FindFirstFile: The system cannot find the path specified. (0x3)
[1103/131856.623:ERROR:directory_reader_win.cc(43)] FindFirstFile: The system cannot find the path specified. (0x3)
[1103/132711.647:ERROR:directory_reader_win.cc(43)] FindFirstFile: The system cannot find the path specified. (0x3)
[1103/133040.861:ERROR:directory_reader_win.cc(43)] FindFirstFile: The system cannot find the path specified. (0x3)
[1109/092548.557:ERROR:directory_reader_win.cc(43)] FindFirstFile: The system cannot find the path specified. (0x3)
[1109/093022.386:ERROR:directory_reader_win.cc(43)] FindFirstFile: The system cannot find the path specified. (0x3)
[1109/101929.657:ERROR:directory_reader_win.cc(43)] FindFirstFile: The system cannot find the path specified. (0x3)
[1109/102246.310:ERROR:directory_reader_win.cc(43)] FindFirstFile: The system cannot find the path specified. (0x3)
[1109/111733.690:ERROR:directory_reader_win.cc(43)] FindFirstFile: The system cannot find the path specified. (0x3)
[1110/151108.206:ERROR:directory_reader_win.cc(43)] FindFirstFile: The system cannot find the path specified. (0x3)
[1110/170739.820:ERROR:directory_reader_win.cc(43)] FindFirstFile: The system cannot find the path specified. (0x3)
[1110/172019.302:ERROR:directory_reader_win.cc(43)] FindFirstFile: The system cannot find the path specified. (0x3)
[1110/172709.670:ERROR:directory_reader_win.cc(43)] FindFirstFile: The system cannot find the path specified. (0x3)
[1110/175249.656:ERROR:directory_reader_win.cc(43)] FindFirstFile: The system cannot find the path specified. (0x3)
[1111/090631.451:ERROR:directory_reader_win.cc(43)] FindFirstFile: The system cannot find the path specified. (0x3)
